#
# A fatal error has been detected by the Java Runtime Environment:
#
#  EXCEPTION_ACCESS_VIOLATION (0xc0000005) at pc=0x00007ffdbcffb3b4, pid=11004, tid=0x0000000000002160
#
# JRE version: Java(TM) SE Runtime Environment (8.0_144-b01) (build 1.8.0_144-b01)
# Java VM: Java HotSpot(TM) 64-Bit Server VM (25.144-b01 mixed mode windows-amd64 compressed oops)
# Problematic frame:
# C  [nvd3dumx.dll+0x95b3b4]
#
# Failed to write core dump. Minidumps are not enabled by default on client versions of Windows
#
# If you would like to submit a bug report, please visit:
#   http://bugreport.java.com/bugreport/crash.jsp
# The crash happened outside the Java Virtual Machine in native code.
# See problematic frame for where to report the bug.
#

---------------  T H R E A D  ---------------

Current thread (0x000000001feef000):  JavaThread "AWT-Windows" daemon [_thread_in_native, id=8544, stack(0x0000000020710000,0x0000000020810000)]

siginfo: ExceptionCode=0xc0000005, reading address 0xffffffffffffffff

Registers:
RAX=0x1000f01000000000, RBX=0x0000000028ab8280, RCX=0x0000000028b768a0, RDX=0x000000002080ba90
RSP=0x000000002080b920, RBP=0x00000000226e3b40, RSI=0x0000000000000000, RDI=0x000000002080ba50
R8 =0x0000000000000000, R9 =0x0000000000000100, R10=0x0000000000000008, R11=0x000000002080b9c0
R12=0x0000000000000000, R13=0x0000000000000006, R14=0x000000002080ba50, R15=0x000000002080ba90
RIP=0x00007ffdbcffb3b4, EFLAGS=0x0000000000010202

Top of Stack: (sp=0x000000002080b920)
0x000000002080b920:   00000000ffffff00 0000000000000000
0x000000002080b930:   0000000000000000 00000000224233f8
0x000000002080b940:   0000000028ad2800 0000000000000000
0x000000002080b950:   0000000000000000 0000000000000000
0x000000002080b960:   0000000000000000 0000000000000006
0x000000002080b970:   00000000224233f8 0000000000000000
0x000000002080b980:   0000000000000001 0000000000000000
0x000000002080b990:   00000000224233f8 0000000000000100
0x000000002080b9a0:   0000000000000100 000000002080ba50
0x000000002080b9b0:   00000000226e3b40 0000000000000100
0x000000002080b9c0:   000000002080ba90 00007ffdbce82bb4
0x000000002080b9d0:   000000002080ba00 0000000000000000
0x000000002080b9e0:   0000000000000000 0000000000000100
0x000000002080b9f0:   0000010000000001 0000010000000100
0x000000002080ba00:   0000000028ab7060 00007ffdbce6837a
0x000000002080ba10:   0000000000000100 0000000028ae97c8 

Instructions: (pc=0x00007ffdbcffb3b4)
0x00007ffdbcffb394:   00 00 39 33 0f 84 f2 00 00 00 48 8b 83 e0 00 00
0x00007ffdbcffb3a4:   00 48 8b 4d 08 48 85 c0 48 0f 45 d8 48 8b 41 10
0x00007ffdbcffb3b4:   44 8b 40 08 48 8b 41 08 48 8b b8 08 11 00 00 40
0x00007ffdbcffb3c4:   38 77 30 74 77 42 8b 94 87 88 05 00 00 41 8b f0 


Register to memory mapping:

RAX=0x1000f01000000000 is an unknown value
RBX=0x0000000028ab8280 is an unknown value
RCX=0x0000000028b768a0 is an unknown value
RDX=0x000000002080ba90 is pointing into the stack for thread: 0x000000001feef000
RSP=0x000000002080b920 is pointing into the stack for thread: 0x000000001feef000
RBP=0x00000000226e3b40 is an unknown value
RSI=0x0000000000000000 is an unknown value
RDI=0x000000002080ba50 is pointing into the stack for thread: 0x000000001feef000
R8 =0x0000000000000000 is an unknown value
R9 =0x0000000000000100 is an unknown value
R10=0x0000000000000008 is an unknown value
R11=0x000000002080b9c0 is pointing into the stack for thread: 0x000000001feef000
R12=0x0000000000000000 is an unknown value
R13=0x0000000000000006 is an unknown value
R14=0x000000002080ba50 is pointing into the stack for thread: 0x000000001feef000
R15=0x000000002080ba90 is pointing into the stack for thread: 0x000000001feef000


Stack: [0x0000000020710000,0x0000000020810000],  sp=0x000000002080b920,  free space=1006k
Native frames: (J=compiled Java code, j=interpreted, Vv=VM code, C=native code)
C  [nvd3dumx.dll+0x95b3b4]
C  [nvd3dumx.dll+0x7e2bb4]
C  [nvd3dumx.dll+0x7c837a]
C  [nvd3dumx.dll+0x7e0bc8]
C  [nvd3dumx.dll+0x956dba]
C  [nvd3dumx.dll+0x91c9e4]
C  [nvd3dumx.dll+0x9b0afd]
C  [nvd3dumx.dll+0x99e5ff]
C  [nvd3dumx.dll+0x99f255]
C  [nvd3dumx.dll+0x96ec4a]
C  [d3d9.dll+0x29621]
C  [d3d9.dll+0x274d7]
C  [d3d9.dll+0x25cf2]
C  [d3d9.dll+0x29b32]
C  [d3d9.dll+0x25958]
C  [d3d9.dll+0x22574]
C  [awt.dll+0x19e2d]
C  [awt.dll+0x19f8b]
C  [awt.dll+0x1a93f]
C  [awt.dll+0x1e4c5]
C  [awt.dll+0x1b609]
C  0x0000000004a47f74

Java frames: (J=compiled Java code, j=interpreted, Vv=VM code)
j  sun.java2d.d3d.D3DGraphicsDevice.getDeviceCapsNative(I)I+0
j  sun.java2d.d3d.D3DGraphicsDevice.access$000(I)I+1
j  sun.java2d.d3d.D3DGraphicsDevice$1.run()V+8
v  ~StubRoutines::call_stub
j  sun.awt.windows.WToolkit.eventLoop()V+0
j  sun.awt.windows.WToolkit.run()V+58
j  java.lang.Thread.run()V+11
v  ~StubRoutines::call_stub

---------------  P R O C E S S  ---------------

Java Threads: ( => current thread )
  0x0000000004930800 JavaThread "DestroyJavaVM" [_thread_blocked, id=15120, stack(0x0000000004760000,0x0000000004860000)]
  0x00000000216f9000 JavaThread "AWT-EventQueue-0" [_thread_in_native, id=14228, stack(0x0000000021eb0000,0x0000000021fb0000)]
=>0x000000001feef000 JavaThread "AWT-Windows" daemon [_thread_in_native, id=8544, stack(0x0000000020710000,0x0000000020810000)]
  0x000000001feea000 JavaThread "AWT-Shutdown" [_thread_blocked, id=1708, stack(0x0000000020610000,0x0000000020710000)]
  0x000000001fee9800 JavaThread "Java2D Disposer" daemon [_thread_blocked, id=3792, stack(0x0000000020510000,0x0000000020610000)]
  0x000000001fb38800 JavaThread "Service Thread" daemon [_thread_blocked, id=3352, stack(0x000000001ff10000,0x0000000020010000)]
  0x000000001e0af000 JavaThread "C1 CompilerThread2" daemon [_thread_blocked, id=11988, stack(0x000000001fa10000,0x000000001fb10000)]
  0x000000001e0ac000 JavaThread "C2 CompilerThread1" daemon [_thread_blocked, id=12952, stack(0x000000001f910000,0x000000001fa10000)]
  0x000000001e0a9000 JavaThread "C2 CompilerThread0" daemon [_thread_blocked, id=10592, stack(0x000000001f810000,0x000000001f910000)]
  0x000000001e0a7800 JavaThread "Attach Listener" daemon [_thread_blocked, id=18584, stack(0x000000001f710000,0x000000001f810000)]
  0x000000001e0a6800 JavaThread "Signal Dispatcher" daemon [_thread_blocked, id=9992, stack(0x000000001f610000,0x000000001f710000)]
  0x0000000004a2a800 JavaThread "Finalizer" daemon [_thread_blocked, id=17500, stack(0x000000001f310000,0x000000001f410000)]
  0x0000000004a1f800 JavaThread "Reference Handler" daemon [_thread_blocked, id=15656, stack(0x000000001f210000,0x000000001f310000)]

Other Threads:
  0x000000001e068000 VMThread [stack: 0x000000001f110000,0x000000001f210000] [id=2140]
  0x000000001fb73000 WatcherThread [stack: 0x0000000020410000,0x0000000020510000] [id=18260]

VM state:not at safepoint (normal execution)

VM Mutex/Monitor currently owned by a thread: None

Heap:
 PSYoungGen      total 76288K, used 9175K [0x000000076ae00000, 0x0000000770300000, 0x00000007c0000000)
  eden space 65536K, 14% used [0x000000076ae00000,0x000000076b6f5e80,0x000000076ee00000)
  from space 10752K, 0% used [0x000000076f880000,0x000000076f880000,0x0000000770300000)
  to   space 10752K, 0% used [0x000000076ee00000,0x000000076ee00000,0x000000076f880000)
 ParOldGen       total 175104K, used 0K [0x00000006c0a00000, 0x00000006cb500000, 0x000000076ae00000)
  object space 175104K, 0% used [0x00000006c0a00000,0x00000006c0a00000,0x00000006cb500000)
 Metaspace       used 8276K, capacity 8402K, committed 8576K, reserved 1056768K
  class space    used 1051K, capacity 1120K, committed 1152K, reserved 1048576K

Card table byte_map: [0x0000000013df0000,0x00000000145f0000] byte_map_base: 0x00000000107eb000

Marking Bits: (ParMarkBitMap*) 0x00000000690cd850
 Begin Bits: [0x0000000014f50000, 0x0000000018f28000)
 End Bits:   [0x0000000018f28000, 0x000000001cf00000)

Polling page: 0x0000000002f50000

CodeCache: size=245760Kb used=1694Kb max_used=1694Kb free=244065Kb
 bounds [0x0000000004a30000, 0x0000000004ca0000, 0x0000000013a30000]
 total_blobs=684 nmethods=299 adapters=298
 compilation: enabled

Compilation events (10 events):
Event: 0.137 Thread 0x000000001e0af000  295       3       javax.swing.plaf.nimbus.AbstractRegionPainter$PaintContext::<init> (281 bytes)
Event: 0.137 Thread 0x000000001e0af000 nmethod 295 0x0000000004bd4610 code [0x0000000004bd47e0, 0x0000000004bd4ee8]
Event: 0.138 Thread 0x000000001e0af000  296       1       java.awt.Color::getRGB (5 bytes)
Event: 0.138 Thread 0x000000001e0af000 nmethod 296 0x0000000004bd58d0 code [0x0000000004bd5a20, 0x0000000004bd5b30]
Event: 0.138 Thread 0x000000001e0af000  297       3       java.util.LinkedList$ListItr::hasNext (20 bytes)
Event: 0.138 Thread 0x000000001e0af000 nmethod 297 0x0000000004bd5b90 code [0x0000000004bd5ce0, 0x0000000004bd5eb0]
Event: 0.138 Thread 0x000000001e0af000  299       3       sun.misc.VM::allowArraySyntax (4 bytes)
Event: 0.138 Thread 0x000000001e0af000 nmethod 299 0x0000000004bd5f50 code [0x0000000004bd60a0, 0x0000000004bd61f0]
Event: 0.138 Thread 0x000000001e0af000  298   !   3       sun.awt.AppContext::get (123 bytes)
Event: 0.138 Thread 0x000000001e0af000 nmethod 298 0x0000000004bd6250 code [0x0000000004bd6400, 0x0000000004bd6d28]

GC Heap History (0 events):
No events

Deoptimization events (0 events):
No events

Internal exceptions (10 events):
Event: 0.129 Thread 0x0000000004930800 Exception <a 'java/lang/ClassNotFoundException': ToolBar> (0x000000076b346668) thrown at [C:\re\workspace\8-2-build-windows-amd64-cygwin\jdk8u144\9417\hotspot\src\share\vm\classfile\systemDictionary.cpp, line 210]
Event: 0.129 Thread 0x0000000004930800 Exception <a 'java/lang/ClassNotFoundException': ToggleButton> (0x000000076b346c18) thrown at [C:\re\workspace\8-2-build-windows-amd64-cygwin\jdk8u144\9417\hotspot\src\share\vm\classfile\systemDictionary.cpp, line 210]
Event: 0.129 Thread 0x0000000004930800 Exception <a 'java/lang/ClassNotFoundException': javax/swing/JToolBarSeparator> (0x000000076b347078) thrown at [C:\re\workspace\8-2-build-windows-amd64-cygwin\jdk8u144\9417\hotspot\src\share\vm\classfile\systemDictionary.cpp, line 210]
Event: 0.129 Thread 0x0000000004930800 Exception <a 'java/lang/ClassNotFoundException': ToolBarSeparator> (0x000000076b347510) thrown at [C:\re\workspace\8-2-build-windows-amd64-cygwin\jdk8u144\9417\hotspot\src\share\vm\classfile\systemDictionary.cpp, line 210]
Event: 0.130 Thread 0x0000000004930800 Exception <a 'java/lang/ClassNotFoundException': ToolTip> (0x000000076b347c50) thrown at [C:\re\workspace\8-2-build-windows-amd64-cygwin\jdk8u144\9417\hotspot\src\share\vm\classfile\systemDictionary.cpp, line 210]
Event: 0.130 Thread 0x0000000004930800 Exception <a 'java/lang/ClassNotFoundException': Tree> (0x000000076b348870) thrown at [C:\re\workspace\8-2-build-windows-amd64-cygwin\jdk8u144\9417\hotspot\src\share\vm\classfile\systemDictionary.cpp, line 210]
Event: 0.130 Thread 0x0000000004930800 Exception <a 'java/lang/ClassNotFoundException': Tree> (0x000000076b348fb0) thrown at [C:\re\workspace\8-2-build-windows-amd64-cygwin\jdk8u144\9417\hotspot\src\share\vm\classfile\systemDictionary.cpp, line 210]
Event: 0.130 Thread 0x0000000004930800 Exception <a 'java/lang/ClassNotFoundException': javax/swing/JTreeCell> (0x000000076b349330) thrown at [C:\re\workspace\8-2-build-windows-amd64-cygwin\jdk8u144\9417\hotspot\src\share\vm\classfile\systemDictionary.cpp, line 210]
Event: 0.130 Thread 0x0000000004930800 Exception <a 'java/lang/ClassNotFoundException': TreeCell> (0x000000076b3497b8) thrown at [C:\re\workspace\8-2-build-windows-amd64-cygwin\jdk8u144\9417\hotspot\src\share\vm\classfile\systemDictionary.cpp, line 210]
Event: 0.130 Thread 0x0000000004930800 Exception <a 'java/lang/ClassNotFoundException': RootPane> (0x000000076b34a218) thrown at [C:\re\workspace\8-2-build-windows-amd64-cygwin\jdk8u144\9417\hotspot\src\share\vm\classfile\systemDictionary.cpp, line 210]

Events (10 events):
Event: 0.155 loading class sun/java2d/d3d/D3DGraphicsDevice$1
Event: 0.155 loading class sun/java2d/d3d/D3DGraphicsDevice$1 done
Event: 0.211 loading class sun/java2d/d3d/D3DContext$D3DContextCaps
Event: 0.211 loading class sun/java2d/pipe/hw/ContextCapabilities
Event: 0.211 loading class sun/java2d/pipe/hw/ContextCapabilities done
Event: 0.211 loading class sun/java2d/d3d/D3DContext$D3DContextCaps done
Event: 0.211 loading class sun/java2d/d3d/D3DContext
Event: 0.212 loading class sun/java2d/pipe/BufferedContext
Event: 0.212 loading class sun/java2d/pipe/BufferedContext done
Event: 0.212 loading class sun/java2d/d3d/D3DContext done


Dynamic libraries:
0x00007ff7176e0000 - 0x00007ff717717000 	C:\Program Files\Java\jdk1.8.0_144\bin\java.exe
0x00007ffdd9790000 - 0x00007ffdd9970000 	C:\WINDOWS\SYSTEM32\ntdll.dll
0x00007ffdd7a00000 - 0x00007ffdd7aae000 	C:\WINDOWS\System32\KERNEL32.DLL
0x00007ffdd5c90000 - 0x00007ffdd5ef6000 	C:\WINDOWS\System32\KERNELBASE.dll
0x00007ffdd74d0000 - 0x00007ffdd7571000 	C:\WINDOWS\System32\ADVAPI32.dll
0x00007ffdd7430000 - 0x00007ffdd74cd000 	C:\WINDOWS\System32\msvcrt.dll
0x00007ffdd77b0000 - 0x00007ffdd780b000 	C:\WINDOWS\System32\sechost.dll
0x00007ffdd6c70000 - 0x00007ffdd6d8f000 	C:\WINDOWS\System32\RPCRT4.dll
0x00007ffdd7870000 - 0x00007ffdd79ff000 	C:\WINDOWS\System32\USER32.dll
0x00007ffdd5f00000 - 0x00007ffdd5f20000 	C:\WINDOWS\System32\win32u.dll
0x00007ffdd7ab0000 - 0x00007ffdd7ad8000 	C:\WINDOWS\System32\GDI32.dll
0x00007ffdd61a0000 - 0x00007ffdd6333000 	C:\WINDOWS\System32\gdi32full.dll
0x00007ffdd5bf0000 - 0x00007ffdd5c8b000 	C:\WINDOWS\System32\msvcp_win.dll
0x00007ffdd60a0000 - 0x00007ffdd6196000 	C:\WINDOWS\System32\ucrtbase.dll
0x00007ffdc48e0000 - 0x00007ffdc4b49000 	C:\WINDOWS\WinSxS\amd64_microsoft.windows.common-controls_6595b64144ccf1df_6.0.16299.431_none_15c7d3ee93659e73\COMCTL32.dll
0x00007ffdd93e0000 - 0x00007ffdd96e8000 	C:\WINDOWS\System32\combase.dll
0x00007ffdd6020000 - 0x00007ffdd6092000 	C:\WINDOWS\System32\bcryptPrimitives.dll
0x00007ffdd7c40000 - 0x00007ffdd7c6d000 	C:\WINDOWS\System32\IMM32.DLL
0x00000000687d0000 - 0x00000000688a2000 	C:\Program Files\Java\jdk1.8.0_144\jre\bin\msvcr100.dll
0x00000000688b0000 - 0x000000006914d000 	C:\Program Files\Java\jdk1.8.0_144\jre\bin\server\jvm.dll
0x00007ffdd6c60000 - 0x00007ffdd6c68000 	C:\WINDOWS\System32\PSAPI.DLL
0x00007ffdd21d0000 - 0x00007ffdd21da000 	C:\WINDOWS\SYSTEM32\VERSION.dll
0x00007ffdc47b0000 - 0x00007ffdc47b9000 	C:\WINDOWS\SYSTEM32\WSOCK32.dll
0x00007ffdcd430000 - 0x00007ffdcd453000 	C:\WINDOWS\SYSTEM32\WINMM.dll
0x00007ffdd96f0000 - 0x00007ffdd975c000 	C:\WINDOWS\System32\WS2_32.dll
0x00007ffdcd2a0000 - 0x00007ffdcd2ca000 	C:\WINDOWS\SYSTEM32\winmmbase.dll
0x00007ffdd5fd0000 - 0x00007ffdd601a000 	C:\WINDOWS\System32\cfgmgr32.dll
0x0000000068780000 - 0x000000006878f000 	C:\Program Files\Java\jdk1.8.0_144\jre\bin\verify.dll
0x0000000068750000 - 0x0000000068779000 	C:\Program Files\Java\jdk1.8.0_144\jre\bin\java.dll
0x0000000068730000 - 0x0000000068746000 	C:\Program Files\Java\jdk1.8.0_144\jre\bin\zip.dll
0x00007ffdd7fa0000 - 0x00007ffdd93d8000 	C:\WINDOWS\System32\SHELL32.dll
0x00007ffdd7700000 - 0x00007ffdd77a6000 	C:\WINDOWS\System32\shcore.dll
0x00007ffdd6340000 - 0x00007ffdd6a87000 	C:\WINDOWS\System32\windows.storage.dll
0x00007ffdd7be0000 - 0x00007ffdd7c31000 	C:\WINDOWS\System32\shlwapi.dll
0x00007ffdd5b70000 - 0x00007ffdd5b81000 	C:\WINDOWS\System32\kernel.appcore.dll
0x00007ffdd5b00000 - 0x00007ffdd5b4c000 	C:\WINDOWS\System32\powrprof.dll
0x00007ffdd5ae0000 - 0x00007ffdd5afb000 	C:\WINDOWS\System32\profapi.dll
0x0000000068550000 - 0x00000000686e8000 	C:\Program Files\Java\jdk1.8.0_144\jre\bin\awt.dll
0x00007ffdd7c70000 - 0x00007ffdd7d35000 	C:\WINDOWS\System32\OLEAUT32.dll
0x00007ffdd3f90000 - 0x00007ffdd4018000 	C:\WINDOWS\SYSTEM32\apphelp.dll
0x00007ffdd40c0000 - 0x00007ffdd4155000 	C:\WINDOWS\system32\uxtheme.dll
0x00007ffdd7590000 - 0x00007ffdd76f7000 	C:\WINDOWS\System32\MSCTF.dll
0x00007ffdd4380000 - 0x00007ffdd43aa000 	C:\WINDOWS\system32\dwmapi.dll
0x00007ffdd7e50000 - 0x00007ffdd7f99000 	C:\WINDOWS\System32\ole32.dll
0x0000000068500000 - 0x0000000068547000 	C:\Program Files\Java\jdk1.8.0_144\jre\bin\fontmanager.dll
0x00007ffdc1740000 - 0x00007ffdc185e000 	C:\WINDOWS\system32\opengl32.dll
0x00007ffdcfdc0000 - 0x00007ffdcfdec000 	C:\WINDOWS\SYSTEM32\GLU32.dll
0x00007ffdbd8d0000 - 0x00007ffdbda65000 	C:\WINDOWS\system32\d3d9.dll
0x00007ffdc1560000 - 0x00007ffdc164b000 	C:\WINDOWS\System32\DriverStore\FileRepository\nv_dispi.inf_amd64_2a800e6ebddb7f48\nvldumdx.dll
0x00007ffdd6a90000 - 0x00007ffdd6c5e000 	C:\WINDOWS\System32\crypt32.dll
0x00007ffdd5b50000 - 0x00007ffdd5b62000 	C:\WINDOWS\System32\MSASN1.dll
0x00007ffdd5b90000 - 0x00007ffdd5be8000 	C:\WINDOWS\System32\WINTRUST.DLL
0x00007ffdd6e20000 - 0x00007ffdd6e3d000 	C:\WINDOWS\System32\imagehlp.dll
0x00007ffdd5530000 - 0x00007ffdd5547000 	C:\WINDOWS\SYSTEM32\CRYPTSP.dll
0x00007ffdd4f70000 - 0x00007ffdd4fa3000 	C:\WINDOWS\system32\rsaenh.dll
0x00007ffdd5640000 - 0x00007ffdd5665000 	C:\WINDOWS\SYSTEM32\bcrypt.dll
0x00007ffdd5550000 - 0x00007ffdd555b000 	C:\WINDOWS\SYSTEM32\CRYPTBASE.dll
0x00007ffdbc6a0000 - 0x00007ffdbd8c7000 	C:\WINDOWS\System32\DriverStore\FileRepository\nv_dispi.inf_amd64_2a800e6ebddb7f48\nvd3dumx.dll
0x00007ffdc1460000 - 0x00007ffdc1522000 	C:\Program Files (x86)\NVIDIA Corporation\3D Vision\nvSCPAPI64.dll
0x00007ffdd6e40000 - 0x00007ffdd728e000 	C:\WINDOWS\System32\SETUPAPI.dll
0x00007ffd9cf00000 - 0x00007ffd9d166000 	C:\WINDOWS\system32\nvspcap64.dll
0x00007ffdd4c10000 - 0x00007ffdd4c41000 	C:\WINDOWS\SYSTEM32\ntmarta.dll
0x00007ffdd48c0000 - 0x00007ffdd48e2000 	C:\WINDOWS\SYSTEM32\gpapi.dll
0x00007ffdcb160000 - 0x00007ffdcb18f000 	C:\WINDOWS\SYSTEM32\cryptnet.dll
0x00007ffdd0e30000 - 0x00007ffdd0ff8000 	C:\WINDOWS\SYSTEM32\dbghelp.dll

VM Arguments:
jvm_args: -Dfile.encoding=UTF-8 
java_command: zaliczeniepodstawyprogramowania.MainPage
java_class_path (initial): D:\Documents\NetBeansProjects\Code1\ZaliczeniePodstawyProgramowania\build\classes
Launcher Type: SUN_STANDARD

Environment Variables:
PATH=C:\ProgramData\Oracle\Java\javapath;C:\Program Files (x86)\Intel\iCLS Client\;C:\Program Files\Intel\iCLS Client\;C:\Windows\system32;C:\Windows;C:\Windows\System32\Wbem;C:\Windows\System32\WindowsPowerShell\v1.0\;C:\Program Files (x86)\NVIDIA Corporation\PhysX\Common;C:\Program Files (x86)\Intel\Intel(R) Management Engine Components\DAL;C:\Program Files\Intel\Intel(R) Management Engine Components\DAL;C:\Program Files (x86)\Intel\Intel(R) Management Engine Components\IPT;C:\Program Files\Intel\Intel(R) Management Engine Components\IPT;C:\WINDOWS\system32;C:\WINDOWS;C:\WINDOWS\System32\Wbem;C:\WINDOWS\System32\WindowsPowerShell\v1.0\;d:\Program Files\Git\cmd;C:\Users\marci\AppData\Local\Microsoft\WindowsApps;C:\Users\marci\AppData\Local\GitHubDesktop\bin;%USERPROFILE%\AppData\Local\Microsoft\WindowsApps;
USERNAME=Rivs
OS=Windows_NT
PROCESSOR_IDENTIFIER=Intel64 Family 6 Model 158 Stepping 9, GenuineIntel



---------------  S Y S T E M  ---------------

OS: Windows 10.0 , 64 bit Build 16299 (10.0.16299.431)

CPU:total 4 (initial active 4) (4 cores per cpu, 1 threads per core) family 6 model 158 stepping 9, cmov, cx8, fxsr, mmx, sse, sse2, sse3, ssse3, sse4.1, sse4.2, popcnt, avx, avx2, aes, clmul, erms, rtm, 3dnowpref, lzcnt, tsc, tscinvbit, bmi1, bmi2, adx

Memory: 4k page, physical 16735596k(9039504k free), swap 19225964k(5050104k free)

vm_info: Java HotSpot(TM) 64-Bit Server VM (25.144-b01) for windows-amd64 JRE (1.8.0_144-b01), built on Jul 21 2017 21:57:33 by "java_re" with MS VC++ 10.0 (VS2010)

time: Sat May 12 00:23:36 2018
elapsed time: 0 seconds (0d 0h 0m 0s)

